[21:34:25] [main/INFO]: Environment: authHost='https://authserver.mojang.com', accountsHost='https://api.mojang.com', sessionHost='https://sessionserver.mojang.com', servicesHost='https://api.minecraftservices.com', name='PROD'
[21:34:25] [main/INFO]: Reloading ResourceManager: Default, bukkit
[21:34:26] [Worker-Main-1/INFO]: Loaded 7 recipes
[21:34:28] [Server thread/INFO]: Starting minecraft server version 1.17.1
[21:34:28] [Server thread/INFO]: Loading properties
[21:34:29] [Server thread/INFO]: This server is running Paper version git-Paper-411 (MC: 1.17.1) (Implementing API version 1.17.1-R0.1-SNAPSHOT) (Git: 6625db3 on ver/1.17.1)
[21:34:29] [Server thread/INFO]: Server Ping Player Sample Count: 12
[21:34:29] [Server thread/INFO]: Using 4 threads for Netty based IO
[21:34:29] [Server thread/INFO]: Default game type: SURVIVAL
[21:34:29] [Server thread/INFO]: Generating keypair
[21:34:29] [Server thread/INFO]: Starting Minecraft server on *:28992
[21:34:29] [Server thread/INFO]: Using epoll channel type
[21:34:29] [Server thread/INFO]: Paper: Using libdeflate (Linux x86_64) compression from Velocity.
[21:34:29] [Server thread/INFO]: Paper: Using Java cipher from Velocity.
[21:34:30] [Server thread/ERROR]: [STDERR] [org.bukkit.craftbukkit.v1_17_R1.legacy.CraftLegacy] Initializing Legacy Material Support. Unless you have legacy plugins and/or data this is a bug!
[21:34:35] [Thread-1/INFO]: Stopping main thread (Ignore any thread death message you see! - DO NOT REPORT THREAD DEATH TO PAPER)
[21:34:35] [Thread-1/INFO]: Stopping server
[21:34:35] [Thread-1/INFO]: Saving players
[21:34:35] [Thread-1/INFO]: Saving worlds
[21:34:35] [Thread-1/INFO]: ThreadedAnvilChunkStorage: All dimensions are saved
[21:34:35] [Thread-1/INFO]: Flushing Chunk IO
[21:34:35] [Thread-1/INFO]: Closing Thread Pool
[21:34:35] [Thread-1/INFO]: Closing Server
